INFO:root:Started
INFO:root:
Nijmegen GMP Quiz
Welke gereedschappen/ hulpmiddelen dienen te worden schoongemaakt en gedesinfecteerd voor gebruik: (meer antwoorden mogelijk)
   converted -> "All that apply" type.

INFO:root:
Nijmegen GMP Quiz
Wanneer is volledige afscherming van de productie omgeving of installaties noodzakelijk: (meer antwoorden mogelijk)
   converted -> "All that apply" type.

INFO:root:
Nijmegen GMP Quiz
Wat is het juiste moment om gereedschap te desinfecteren: (meer antwoorden mogelijk)
   converted -> "All that apply" type.

INFO:root:
Nijmegen GMP Quiz
Wat zijn extra aandachtpunten tijdens werkzaamheden om vuil ophoping te voorkomen: (meer antwoorden mogelijk)
   converted -> "All that apply" type.

INFO:root:
Universal Waste Training Quiz 2015
The MJN Zeeland facility is considered a large quantity generator of Universal Waste?
   converted -> True/False type.

INFO:root:
Universal Waste Training Quiz 2015
Batteries must not be leaking and have the terminals protected once they have been categorized as waste?
   converted -> True/False type.

INFO:root:
Veilige opslag en gebruik van Chemicaliën, olie en smeermiddelen voor Maintenance, Engineering & line technicians
Wat verstaan we onder een gevaarlijke stof?
   converted -> "All that apply" type.

INFO:root:
Vragenlijst training veilige opslag en gebruik chemicalien 2014 HS
Wat verstaan we onder een gevaarlijke stof? Er zijn 4 antwoorden goed.
   converted -> "All that apply" type.

INFO:root:Finished
